<?xml version="1.0" encoding="UTF-8"?>
<!-- Generated by org.testng.reporters.JUnitReportReporter -->
<testsuite hostname="DESKTOP-AI6NF5T" failures="0" tests="1" name="excelOperations.FaceboookDataReading" time="6.950" errors="0" timestamp="2024-01-06T07:00:52 PST" skipped="0">
  <testcase classname="excelOperations.FaceboookDataReading" name="verificationFb" time="6.950"/>
  <system-out/>
</testsuite> <!-- excelOperations.FaceboookDataReading -->
