<?xml version="1.0" encoding="UTF-8"?>
<!-- Generated by org.testng.reporters.JUnitReportReporter -->
<testsuite hostname="DESKTOP-AI6NF5T" failures="0" tests="3" name="dataDrivenTesting.DataDrivenTesting" time="9.574" errors="0" timestamp="2024-03-07T22:24:46 PST" skipped="0">
  <testcase classname="dataDrivenTesting.DataDrivenTesting" name="loginTest" time="1.619"/>
  <testcase classname="dataDrivenTesting.DataDrivenTesting" name="loginTest" time="6.297"/>
  <testcase classname="dataDrivenTesting.DataDrivenTesting" name="loginTest" time="1.658"/>
</testsuite> <!-- dataDrivenTesting.DataDrivenTesting -->
