<?xml version="1.0" encoding="UTF-8"?>
<!-- Generated by org.testng.reporters.JUnitReportReporter -->
<testsuite hostname="DESKTOP-AI6NF5T" failures="0" tests="1" name="demoDropDown.DropDownValidationforoption" time="11.873" errors="0" timestamp="2024-11-28T01:01:00 PST" skipped="0">
  <testcase classname="demoDropDown.DropDownValidationforoption" name="valiadateDropDown" time="11.873"/>
</testsuite> <!-- demoDropDown.DropDownValidationforoption -->
