<?xml version="1.0" encoding="UTF-8"?>
<!-- Generated by org.testng.reporters.JUnitReportReporter -->
<testsuite hostname="DESKTOP-AI6NF5T" failures="0" tests="2" name="handlingWindows.HandlingWindow" time="18.830" errors="0" timestamp="2024-08-29T06:47:52 PDT" skipped="1">
  <testcase classname="handlingWindows.HandlingWindow" name="handlingMultipleWindow" time="18.830"/>
  <testcase classname="handlingWindows.HandlingWindow" name="handlingSpecificWindow">
    <skipped/>
  </testcase> <!-- handlingSpecificWindow -->
</testsuite> <!-- handlingWindows.HandlingWindow -->
