<?xml version="1.0" encoding="UTF-8"?>
<!-- Generated by org.testng.reporters.JUnitReportReporter -->
<testsuite hostname="DESKTOP-AI6NF5T" failures="0" tests="1" name="bDropDownHandling.DemoDropDownHadling" time="8.132" errors="0" timestamp="2025-01-08T08:49:25 PST" skipped="0">
  <testcase classname="bDropDownHandling.DemoDropDownHadling" name="compareExpectedAndActualDropDownOption" time="8.132"/>
</testsuite> <!-- bDropDownHandling.DemoDropDownHadling -->
