<?xml version="1.0" encoding="UTF-8"?>
<!-- Generated by org.testng.reporters.JUnitReportReporter -->
<testsuite hostname="DESKTOP-AI6NF5T" failures="0" tests="1" name="interviewQustions.QA4AlertHandling" time="15.620" errors="0" timestamp="2024-11-23T05:24:28 PST" skipped="0">
  <testcase classname="interviewQustions.QA4AlertHandling" name="alertHandling" time="15.620"/>
</testsuite> <!-- interviewQustions.QA4AlertHandling -->
