<?xml version="1.0" encoding="UTF-8"?>
<!-- Generated by org.testng.reporters.JUnitReportReporter -->
<testsuite hostname="DESKTOP-AI6NF5T" failures="0" tests="1" name="fileUploading.FileUploadingDemo" time="9.065" errors="0" timestamp="2024-03-10T23:12:17 PDT" skipped="0">
  <testcase classname="fileUploading.FileUploadingDemo" name="validateUploadFile" time="9.065"/>
</testsuite> <!-- fileUploading.FileUploadingDemo -->
