<?xml version="1.0" encoding="UTF-8"?>
<!-- Generated by org.testng.reporters.JUnitReportReporter -->
<testsuite hostname="DESKTOP-AI6NF5T" failures="0" tests="1" name="firstProgram.TestNG_First_Program" time="15.076" errors="0" timestamp="2023-12-13T22:16:04 PST" skipped="0">
  <testcase classname="firstProgram.TestNG_First_Program" name="openBrowser" time="15.076"/>
  <system-out/>
</testsuite> <!-- firstProgram.TestNG_First_Program -->
