<?xml version="1.0" encoding="UTF-8"?>
<!-- Generated by org.testng.reporters.JUnitReportReporter -->
<testsuite hostname="DESKTOP-AI6NF5T" failures="0" tests="4" name="interviewQustions.QA1DropDown" time="8.956" errors="0" timestamp="2024-11-23T04:35:33 PST" skipped="3">
  <testcase classname="interviewQustions.QA1DropDown" name="verifyDropDownSortedOrnot" time="8.956"/>
  <testcase classname="interviewQustions.QA1DropDown" name="verifycheakOptionPresentOrNot">
    <skipped/>
  </testcase> <!-- verifycheakOptionPresentOrNot -->
  <testcase classname="interviewQustions.QA1DropDown" name="selectOptionDrpUsingGenaricFunction">
    <skipped/>
  </testcase> <!-- selectOptionDrpUsingGenaricFunction -->
  <testcase classname="interviewQustions.QA1DropDown" name="verifyGetAllOptions">
    <skipped/>
  </testcase> <!-- verifyGetAllOptions -->
</testsuite> <!-- interviewQustions.QA1DropDown -->
