<?xml version="1.0" encoding="UTF-8"?>
<!-- Generated by org.testng.reporters.JUnitReportReporter -->
<testsuite hostname="DESKTOP-AI6NF5T" failures="0" tests="1" name="bWebDriverMethods.WebDirverMethods" time="5.759" errors="0" timestamp="2025-01-08T07:34:21 PST" skipped="0">
  <testcase classname="bWebDriverMethods.WebDirverMethods" name="verifyUrlOfwebpage" time="5.759"/>
</testsuite> <!-- bWebDriverMethods.WebDirverMethods -->
