<?xml version="1.0" encoding="UTF-8"?>
<!-- Generated by org.testng.reporters.JUnitReportReporter -->
<testsuite hostname="DESKTOP-AI6NF5T" failures="0" tests="1" name="interviewQustions.QA3BrokenLinkFinder" time="49.282" errors="0" timestamp="2024-11-23T05:04:34 PST" skipped="0">
  <testcase classname="interviewQustions.QA3BrokenLinkFinder" name="verifyBrokenLink" time="49.282"/>
</testsuite> <!-- interviewQustions.QA3BrokenLinkFinder -->
