<?xml version="1.0" encoding="UTF-8"?>
<!-- Generated by org.testng.reporters.JUnitReportReporter -->
<testsuite hostname="DESKTOP-AI6NF5T" failures="0" tests="1" name="excelSheetStudy.WritingDataIntoExcel" time="2.845" errors="0" timestamp="2024-09-26T03:08:47 PDT" skipped="0">
  <testcase classname="excelSheetStudy.WritingDataIntoExcel" name="writeDataIntoExcel" time="2.845"/>
</testsuite> <!-- excelSheetStudy.WritingDataIntoExcel -->
