<?xml version="1.0" encoding="UTF-8"?>
<!-- Generated by org.testng.reporters.JUnitReportReporter -->
<testsuite hostname="DESKTOP-AI6NF5T" failures="0" tests="1" name="demoDataDrivenTesting.verifyDropDown" time="7.677" errors="0" timestamp="2024-08-29T08:24:36 PDT" skipped="0">
  <testcase classname="demoDataDrivenTesting.verifyDropDown" name="fetchAllOptionFromeDropDown" time="7.677"/>
</testsuite> <!-- demoDataDrivenTesting.verifyDropDown -->
