<?xml version="1.0" encoding="UTF-8"?>
<!-- Generated by org.testng.reporters.JUnitReportReporter -->
<testsuite hostname="DESKTOP-AI6NF5T" failures="0" tests="1" name="excelSheetStudy.WritingDynamicDataIntoExcel" time="91.764" errors="0" timestamp="2024-09-03T00:57:00 PDT" skipped="0">
  <testcase classname="excelSheetStudy.WritingDynamicDataIntoExcel" name="writeDynamicDataIntoExecl" time="91.764"/>
</testsuite> <!-- excelSheetStudy.WritingDynamicDataIntoExcel -->
