<?xml version="1.0" encoding="UTF-8"?>
<!-- Generated by org.testng.reporters.JUnitReportReporter -->
<testsuite hostname="DESKTOP-AI6NF5T" failures="0" tests="1" name="bWebElementMethods.DemoWebElementMethod" time="5.842" errors="0" timestamp="2025-01-08T08:10:31 PST" skipped="0">
  <testcase classname="bWebElementMethods.DemoWebElementMethod" name="getSizeofWebElemnet" time="5.842"/>
</testsuite> <!-- bWebElementMethods.DemoWebElementMethod -->
