<?xml version="1.0" encoding="UTF-8"?>
<!-- Generated by org.testng.reporters.JUnitReportReporter -->
<testsuite hostname="DESKTOP-AI6NF5T" failures="0" tests="1" name="excelSheetStudy.ReadDataFromeExcelSheet" time="1.617" errors="0" timestamp="2024-09-03T00:05:13 PDT" skipped="0">
  <testcase classname="excelSheetStudy.ReadDataFromeExcelSheet" name="readDataFromeExcelSheet" time="1.617"/>
</testsuite> <!-- excelSheetStudy.ReadDataFromeExcelSheet -->
