<?xml version="1.0" encoding="UTF-8"?>
<!-- Generated by org.testng.reporters.JUnitReportReporter -->
<testsuite hostname="DESKTOP-AI6NF5T" failures="0" tests="1" name="handlingWindows.HandlingWindowUsingGenaricFunction" time="10.828" errors="0" timestamp="2024-08-29T07:49:28 PDT" skipped="0">
  <testcase classname="handlingWindows.HandlingWindowUsingGenaricFunction" name="handlingWindows" time="10.828"/>
</testsuite> <!-- handlingWindows.HandlingWindowUsingGenaricFunction -->
