<?xml version="1.0" encoding="UTF-8"?>
<!-- Generated by org.testng.reporters.JUnitReportReporter -->
<testsuite hostname="DESKTOP-AI6NF5T" failures="0" tests="1" name="demoDropDown.CaptureDuplicateElement" time="16.426" errors="0" timestamp="2024-11-28T00:54:12 PST" skipped="0">
  <testcase classname="demoDropDown.CaptureDuplicateElement" name="captureDuplicateElement" time="16.426"/>
</testsuite> <!-- demoDropDown.CaptureDuplicateElement -->
