<?xml version="1.0" encoding="UTF-8"?>
<!-- Generated by org.testng.reporters.JUnitReportReporter -->
<testsuite hostname="DESKTOP-AI6NF5T" failures="0" tests="1" name="excelSheetStudy.DemoWriteDynamicDataIntoExcel" time="162.663" errors="0" timestamp="2024-09-26T03:29:13 PDT" skipped="0">
  <testcase classname="excelSheetStudy.DemoWriteDynamicDataIntoExcel" name="writeDataIntoExcel" time="162.663"/>
</testsuite> <!-- excelSheetStudy.DemoWriteDynamicDataIntoExcel -->
