<?xml version="1.0" encoding="UTF-8"?>
<!-- Generated by org.testng.reporters.JUnitReportReporter -->
<testsuite hostname="DESKTOP-AI6NF5T" failures="0" tests="3" name="interviewQustions.QA1EnterText" time="12.252" errors="0" timestamp="2024-11-23T03:44:53 PST" skipped="2">
  <testcase classname="interviewQustions.QA1EnterText" name="verifyScrollingOpreation" time="12.252"/>
  <testcase classname="interviewQustions.QA1EnterText" name="clickONbuttonWithoutclick">
    <skipped/>
  </testcase> <!-- clickONbuttonWithoutclick -->
  <testcase classname="interviewQustions.QA1EnterText" name="enterTextWithoutUsingSendKeys">
    <skipped/>
  </testcase> <!-- enterTextWithoutUsingSendKeys -->
</testsuite> <!-- interviewQustions.QA1EnterText -->
